# JRE version: OpenJDK Runtime Environment Temurin-21.0.7+6 (21.0.7+6) (build 21.0.7+6-LTS)
# Java VM: OpenJDK 64-Bit Server VM Temurin-21.0.7+6 (21.0.7+6-LTS, mixed mode, sharing, tiered, compressed oops, compressed class ptrs, parallel gc, windows-amd64)
GC Precious Log:
 CardTable entry size: 512
 CPUs: 8 total, 8 available
 Memory: 3446M
 Large Page Support: Disabled
 NUMA Support: Disabled
 Compressed Oops: Enabled (32-bit)
 Alignments: Space 512K, Generation 512K, Heap 2M
 Heap Min Capacity: 100M
 Heap Initial Capacity: 100M
 Heap Max Capacity: 1G
 Pre-touch: Disabled
 Parallel Workers: 8
Heap:
 PSYoungGen      total 6144K, used 5536K [0x00000000eab00000, 0x00000000eb280000, 0x0000000100000000)
  eden space 5120K, 100% used [0x00000000eab00000,0x00000000eb000000,0x00000000eb000000)
  from space 1024K, 40% used [0x00000000eb080000,0x00000000eb0e8000,0x00000000eb180000)
  to   space 512K, 0% used [0x00000000eb200000,0x00000000eb200000,0x00000000eb280000)
 ParOldGen       total 640512K, used 640191K [0x00000000c0000000, 0x00000000e7180000, 0x00000000eab00000)
  object space 640512K, 99% used [0x00000000c0000000,0x00000000e712fcf0,0x00000000e7180000)
 Metaspace       used 66821K, committed 68224K, reserved 1114112K
  class space    used 7051K, committed 7680K, reserved 1048576K
GC Heap History (20 events):
Event: 95.036 GC heap before
{Heap before GC invocations=401 (full 3):
 PSYoungGen      total 7168K, used 6336K [0x00000000eab00000, 0x00000000eb380000, 0x0000000100000000)
  eden space 6144K, 100% used [0x00000000eab00000,0x00000000eb100000,0x00000000eb100000)
  from space 1024K, 18% used [0x00000000eb200000,0x00000000eb230000,0x00000000eb300000)
  to   space 512K, 0% used [0x00000000eb300000,0x00000000eb300000,0x00000000eb380000)
 ParOldGen       total 634368K, used 634012K [0x00000000c0000000, 0x00000000e6b80000, 0x00000000eab00000)
  object space 634368K, 99% used [0x00000000c0000000,0x00000000e6b27120,0x00000000e6b80000)
 Metaspace       used 62252K, committed 63488K, reserved 1114112K
  class space    used 6600K, committed 7104K, reserved 1048576K
}
Event: 95.039 GC heap after
{Heap after GC invocations=401 (full 3):
 PSYoungGen      total 6656K, used 224K [0x00000000eab00000, 0x00000000eb380000, 0x0000000100000000)
  eden space 6144K, 0% used [0x00000000eab00000,0x00000000eab00000,0x00000000eb100000)
  from space 512K, 43% used [0x00000000eb300000,0x00000000eb338000,0x00000000eb380000)
  to   space 512K, 0% used [0x00000000eb280000,0x00000000eb280000,0x00000000eb300000)
 ParOldGen       total 634368K, used 634052K [0x00000000c0000000, 0x00000000e6b80000, 0x00000000eab00000)
  object space 634368K, 99% used [0x00000000c0000000,0x00000000e6b31120,0x00000000e6b80000)
 Metaspace       used 62252K, committed 63488K, reserved 1114112K
  class space    used 6600K, committed 7104K, reserved 1048576K
}
Event: 95.485 GC heap before
{Heap before GC invocations=402 (full 3):
 PSYoungGen      total 6656K, used 6368K [0x00000000eab00000, 0x00000000eb380000, 0x0000000100000000)
  eden space 6144K, 100% used [0x00000000eab00000,0x00000000eb100000,0x00000000eb100000)
  from space 512K, 43% used [0x00000000eb300000,0x00000000eb338000,0x00000000eb380000)
  to   space 512K, 0% used [0x00000000eb280000,0x00000000eb280000,0x00000000eb300000)
 ParOldGen       total 634368K, used 634052K [0x00000000c0000000, 0x00000000e6b80000, 0x00000000eab00000)
  object space 634368K, 99% used [0x00000000c0000000,0x00000000e6b31120,0x00000000e6b80000)
 Metaspace       used 63009K, committed 64320K, reserved 1114112K
  class space    used 6669K, committed 7232K, reserved 1048576K
}
Event: 95.492 GC heap after
{Heap after GC invocations=402 (full 3):
 PSYoungGen      total 6656K, used 464K [0x00000000eab00000, 0x00000000eb380000, 0x0000000100000000)
  eden space 6144K, 0% used [0x00000000eab00000,0x00000000eab00000,0x00000000eb100000)
  from space 512K, 90% used [0x00000000eb280000,0x00000000eb2f4010,0x00000000eb300000)
  to   space 512K, 0% used [0x00000000eb300000,0x00000000eb300000,0x00000000eb380000)
 ParOldGen       total 634368K, used 634148K [0x00000000c0000000, 0x00000000e6b80000, 0x00000000eab00000)
  object space 634368K, 99% used [0x00000000c0000000,0x00000000e6b49120,0x00000000e6b80000)
 Metaspace       used 63009K, committed 64320K, reserved 1114112K
  class space    used 6669K, committed 7232K, reserved 1048576K
}
Event: 96.046 GC heap before
{Heap before GC invocations=403 (full 3):
 PSYoungGen      total 6656K, used 6608K [0x00000000eab00000, 0x00000000eb380000, 0x0000000100000000)
  eden space 6144K, 100% used [0x00000000eab00000,0x00000000eb100000,0x00000000eb100000)
  from space 512K, 90% used [0x00000000eb280000,0x00000000eb2f4010,0x00000000eb300000)
  to   space 512K, 0% used [0x00000000eb300000,0x00000000eb300000,0x00000000eb380000)
 ParOldGen       total 634368K, used 634148K [0x00000000c0000000, 0x00000000e6b80000, 0x00000000eab00000)
  object space 634368K, 99% used [0x00000000c0000000,0x00000000e6b49120,0x00000000e6b80000)
 Metaspace       used 63588K, committed 64896K, reserved 1114112K
  class space    used 6731K, committed 7296K, reserved 1048576K
}
Event: 96.053 GC heap after
{Heap after GC invocations=403 (full 3):
 PSYoungGen      total 5632K, used 489K [0x00000000eab00000, 0x00000000eb700000, 0x0000000100000000)
  eden space 5120K, 0% used [0x00000000eab00000,0x00000000eab00000,0x00000000eb000000)
  from space 512K, 95% used [0x00000000eb300000,0x00000000eb37a710,0x00000000eb380000)
  to   space 3072K, 0% used [0x00000000eb000000,0x00000000eb000000,0x00000000eb300000)
 ParOldGen       total 636416K, used 636325K [0x00000000c0000000, 0x00000000e6d80000, 0x00000000eab00000)
  object space 636416K, 99% used [0x00000000c0000000,0x00000000e6d69700,0x00000000e6d80000)
 Metaspace       used 63588K, committed 64896K, reserved 1114112K
  class space    used 6731K, committed 7296K, reserved 1048576K
}
Event: 96.398 GC heap before
{Heap before GC invocations=404 (full 3):
 PSYoungGen      total 5632K, used 5609K [0x00000000eab00000, 0x00000000eb700000, 0x0000000100000000)
  eden space 5120K, 100% used [0x00000000eab00000,0x00000000eb000000,0x00000000eb000000)
  from space 512K, 95% used [0x00000000eb300000,0x00000000eb37a710,0x00000000eb380000)
  to   space 3072K, 0% used [0x00000000eb000000,0x00000000eb000000,0x00000000eb300000)
 ParOldGen       total 636416K, used 636325K [0x00000000c0000000, 0x00000000e6d80000, 0x00000000eab00000)
  object space 636416K, 99% used [0x00000000c0000000,0x00000000e6d69700,0x00000000e6d80000)
 Metaspace       used 64181K, committed 65536K, reserved 1114112K
  class space    used 6778K, committed 7360K, reserved 1048576K
}
Event: 96.403 GC heap after
{Heap after GC invocations=404 (full 3):
 PSYoungGen      total 5632K, used 448K [0x00000000eab00000, 0x00000000eb380000, 0x0000000100000000)
  eden space 5120K, 0% used [0x00000000eab00000,0x00000000eab00000,0x00000000eb000000)
  from space 512K, 87% used [0x00000000eb000000,0x00000000eb070020,0x00000000eb080000)
  to   space 1536K, 0% used [0x00000000eb200000,0x00000000eb200000,0x00000000eb380000)
 ParOldGen       total 636928K, used 636461K [0x00000000c0000000, 0x00000000e6e00000, 0x00000000eab00000)
  object space 636928K, 99% used [0x00000000c0000000,0x00000000e6d8b710,0x00000000e6e00000)
 Metaspace       used 64181K, committed 65536K, reserved 1114112K
  class space    used 6778K, committed 7360K, reserved 1048576K
}
Event: 96.546 GC heap before
{Heap before GC invocations=405 (full 3):
 PSYoungGen      total 5632K, used 5568K [0x00000000eab00000, 0x00000000eb380000, 0x0000000100000000)
  eden space 5120K, 99% used [0x00000000eab00000,0x00000000eafffff8,0x00000000eb000000)
  from space 512K, 87% used [0x00000000eb000000,0x00000000eb070020,0x00000000eb080000)
  to   space 1536K, 0% used [0x00000000eb200000,0x00000000eb200000,0x00000000eb380000)
 ParOldGen       total 636928K, used 636461K [0x00000000c0000000, 0x00000000e6e00000, 0x00000000eab00000)
  object space 636928K, 99% used [0x00000000c0000000,0x00000000e6d8b710,0x00000000e6e00000)
 Metaspace       used 64661K, committed 65984K, reserved 1114112K
  class space    used 6818K, committed 7360K, reserved 1048576K
}
Event: 96.552 GC heap after
{Heap after GC invocations=405 (full 3):
 PSYoungGen      total 6144K, used 711K [0x00000000eab00000, 0x00000000eb300000, 0x0000000100000000)
  eden space 5120K, 0% used [0x00000000eab00000,0x00000000eab00000,0x00000000eb000000)
  from space 1024K, 69% used [0x00000000eb200000,0x00000000eb2b1ed0,0x00000000eb300000)
  to   space 1024K, 0% used [0x00000000eb100000,0x00000000eb100000,0x00000000eb200000)
 ParOldGen       total 636928K, used 636789K [0x00000000c0000000, 0x00000000e6e00000, 0x00000000eab00000)
  object space 636928K, 99% used [0x00000000c0000000,0x00000000e6ddd740,0x00000000e6e00000)
 Metaspace       used 64661K, committed 65984K, reserved 1114112K
  class space    used 6818K, committed 7360K, reserved 1048576K
}
Event: 96.624 GC heap before
{Heap before GC invocations=406 (full 3):
 PSYoungGen      total 6144K, used 5828K [0x00000000eab00000, 0x00000000eb300000, 0x0000000100000000)
  eden space 5120K, 99% used [0x00000000eab00000,0x00000000eafff188,0x00000000eb000000)
  from space 1024K, 69% used [0x00000000eb200000,0x00000000eb2b1ed0,0x00000000eb300000)
  to   space 1024K, 0% used [0x00000000eb100000,0x00000000eb100000,0x00000000eb200000)
 ParOldGen       total 636928K, used 636789K [0x00000000c0000000, 0x00000000e6e00000, 0x00000000eab00000)
  object space 636928K, 99% used [0x00000000c0000000,0x00000000e6ddd740,0x00000000e6e00000)
 Metaspace       used 64747K, committed 66112K, reserved 1114112K
  class space    used 6831K, committed 7360K, reserved 1048576K
}
Event: 96.628 GC heap after
{Heap after GC invocations=406 (full 3):
 PSYoungGen      total 6144K, used 589K [0x00000000eab00000, 0x00000000eb280000, 0x0000000100000000)
  eden space 5120K, 0% used [0x00000000eab00000,0x00000000eab00000,0x00000000eb000000)
  from space 1024K, 57% used [0x00000000eb100000,0x00000000eb193480,0x00000000eb200000)
  to   space 512K, 0% used [0x00000000eb200000,0x00000000eb200000,0x00000000eb280000)
 ParOldGen       total 638976K, used 638772K [0x00000000c0000000, 0x00000000e7000000, 0x00000000eab00000)
  object space 638976K, 99% used [0x00000000c0000000,0x00000000e6fcd288,0x00000000e7000000)
 Metaspace       used 64747K, committed 66112K, reserved 1114112K
  class space    used 6831K, committed 7360K, reserved 1048576K
}
Event: 97.063 GC heap before
{Heap before GC invocations=407 (full 3):
 PSYoungGen      total 6144K, used 5709K [0x00000000eab00000, 0x00000000eb280000, 0x0000000100000000)
  eden space 5120K, 100% used [0x00000000eab00000,0x00000000eb000000,0x00000000eb000000)
  from space 1024K, 57% used [0x00000000eb100000,0x00000000eb193480,0x00000000eb200000)
  to   space 512K, 0% used [0x00000000eb200000,0x00000000eb200000,0x00000000eb280000)
 ParOldGen       total 638976K, used 638772K [0x00000000c0000000, 0x00000000e7000000, 0x00000000eab00000)
  object space 638976K, 99% used [0x00000000c0000000,0x00000000e6fcd288,0x00000000e7000000)
 Metaspace       used 64960K, committed 66368K, reserved 1114112K
  class space    used 6850K, committed 7424K, reserved 1048576K
}
Event: 97.068 GC heap after
{Heap after GC invocations=407 (full 3):
 PSYoungGen      total 5632K, used 506K [0x00000000eab00000, 0x00000000eb300000, 0x0000000100000000)
  eden space 5120K, 0% used [0x00000000eab00000,0x00000000eab00000,0x00000000eb000000)
  from space 512K, 98% used [0x00000000eb200000,0x00000000eb27e8b8,0x00000000eb280000)
  to   space 1536K, 0% used [0x00000000eb000000,0x00000000eb000000,0x00000000eb180000)
 ParOldGen       total 639488K, used 639310K [0x00000000c0000000, 0x00000000e7080000, 0x00000000eab00000)
  object space 639488K, 99% used [0x00000000c0000000,0x00000000e70539f8,0x00000000e7080000)
 Metaspace       used 64960K, committed 66368K, reserved 1114112K
  class space    used 6850K, committed 7424K, reserved 1048576K
}
Event: 110.999 GC heap before
{Heap before GC invocations=408 (full 3):
 PSYoungGen      total 5632K, used 5626K [0x00000000eab00000, 0x00000000eb300000, 0x0000000100000000)
  eden space 5120K, 100% used [0x00000000eab00000,0x00000000eb000000,0x00000000eb000000)
  from space 512K, 98% used [0x00000000eb200000,0x00000000eb27e8b8,0x00000000eb280000)
  to   space 1536K, 0% used [0x00000000eb000000,0x00000000eb000000,0x00000000eb180000)
 ParOldGen       total 639488K, used 639310K [0x00000000c0000000, 0x00000000e7080000, 0x00000000eab00000)
  object space 639488K, 99% used [0x00000000c0000000,0x00000000e70539f8,0x00000000e7080000)
 Metaspace       used 65219K, committed 66560K, reserved 1114112K
  class space    used 6866K, committed 7424K, reserved 1048576K
}
Event: 111.004 GC heap after
{Heap after GC invocations=408 (full 3):
 PSYoungGen      total 6656K, used 192K [0x00000000eab00000, 0x00000000eb280000, 0x0000000100000000)
  eden space 5120K, 0% used [0x00000000eab00000,0x00000000eab00000,0x00000000eb000000)
  from space 1536K, 12% used [0x00000000eb000000,0x00000000eb030000,0x00000000eb180000)
  to   space 512K, 0% used [0x00000000eb200000,0x00000000eb200000,0x00000000eb280000)
 ParOldGen       total 640000K, used 639775K [0x00000000c0000000, 0x00000000e7100000, 0x00000000eab00000)
  object space 640000K, 99% used [0x00000000c0000000,0x00000000e70c7cf0,0x00000000e7100000)
 Metaspace       used 65219K, committed 66560K, reserved 1114112K
  class space    used 6866K, committed 7424K, reserved 1048576K
}
Event: 111.154 GC heap before
{Heap before GC invocations=409 (full 3):
 PSYoungGen      total 6656K, used 5300K [0x00000000eab00000, 0x00000000eb280000, 0x0000000100000000)
  eden space 5120K, 99% used [0x00000000eab00000,0x00000000eaffd1d8,0x00000000eb000000)
  from space 1536K, 12% used [0x00000000eb000000,0x00000000eb030000,0x00000000eb180000)
  to   space 512K, 0% used [0x00000000eb200000,0x00000000eb200000,0x00000000eb280000)
 ParOldGen       total 640000K, used 639775K [0x00000000c0000000, 0x00000000e7100000, 0x00000000eab00000)
  object space 640000K, 99% used [0x00000000c0000000,0x00000000e70c7cf0,0x00000000e7100000)
 Metaspace       used 65803K, committed 67200K, reserved 1114112K
  class space    used 6920K, committed 7488K, reserved 1048576K
}
Event: 111.160 GC heap after
{Heap after GC invocations=409 (full 3):
 PSYoungGen      total 5632K, used 512K [0x00000000eab00000, 0x00000000eb280000, 0x0000000100000000)
  eden space 5120K, 0% used [0x00000000eab00000,0x00000000eab00000,0x00000000eb000000)
  from space 512K, 100% used [0x00000000eb200000,0x00000000eb280000,0x00000000eb280000)
  to   space 1024K, 0% used [0x00000000eb080000,0x00000000eb080000,0x00000000eb180000)
 ParOldGen       total 640000K, used 639879K [0x00000000c0000000, 0x00000000e7100000, 0x00000000eab00000)
  object space 640000K, 99% used [0x00000000c0000000,0x00000000e70e1cf0,0x00000000e7100000)
 Metaspace       used 65803K, committed 67200K, reserved 1114112K
  class space    used 6920K, committed 7488K, reserved 1048576K
}
Event: 183.727 GC heap before
{Heap before GC invocations=410 (full 3):
 PSYoungGen      total 5632K, used 5605K [0x00000000eab00000, 0x00000000eb280000, 0x0000000100000000)
  eden space 5120K, 99% used [0x00000000eab00000,0x00000000eaff9758,0x00000000eb000000)
  from space 512K, 100% used [0x00000000eb200000,0x00000000eb280000,0x00000000eb280000)
  to   space 1024K, 0% used [0x00000000eb080000,0x00000000eb080000,0x00000000eb180000)
 ParOldGen       total 640000K, used 639879K [0x00000000c0000000, 0x00000000e7100000, 0x00000000eab00000)
  object space 640000K, 99% used [0x00000000c0000000,0x00000000e70e1cf0,0x00000000e7100000)
 Metaspace       used 66321K, committed 67648K, reserved 1114112K
  class space    used 6988K, committed 7552K, reserved 1048576K
}
Event: 183.958 GC heap after
{Heap after GC invocations=410 (full 3):
 PSYoungGen      total 6144K, used 416K [0x00000000eab00000, 0x00000000eb280000, 0x0000000100000000)
  eden space 5120K, 0% used [0x00000000eab00000,0x00000000eab00000,0x00000000eb000000)
  from space 1024K, 40% used [0x00000000eb080000,0x00000000eb0e8000,0x00000000eb180000)
  to   space 512K, 0% used [0x00000000eb200000,0x00000000eb200000,0x00000000eb280000)
 ParOldGen       total 640512K, used 640191K [0x00000000c0000000, 0x00000000e7180000, 0x00000000eab00000)
  object space 640512K, 99% used [0x00000000c0000000,0x00000000e712fcf0,0x00000000e7180000)
 Metaspace       used 66321K, committed 67648K, reserved 1114112K
  class space    used 6988K, committed 7552K, reserved 1048576K
}

